<?xml version="1.0" encoding="UTF-8"?>
<!-- Generated by org.testng.reporters.JUnitReportReporter -->
<testsuite hostname="DESKTOP-HV16R5C" failures="0" tests="3" name="CucumberOptions.TestRunner" time="307.825" errors="0" timestamp="2024-02-11T21:31:08 IST" skipped="0">
  <testcase classname="CucumberOptions.TestRunner" name="runScenario" time="124.888"/>
  <testcase classname="CucumberOptions.TestRunner" name="runScenario" time="90.948"/>
  <testcase classname="CucumberOptions.TestRunner" name="runScenario" time="91.989"/>
</testsuite> <!-- CucumberOptions.TestRunner -->
